0 info it worked if it ends with ok
1 verbose cli [ '/Users/mars.hall/.nvm/versions/node/v6.2.0/bin/node',
1 verbose cli   '/Users/mars.hall/.nvm/versions/node/v6.2.0/bin/npm',
1 verbose cli   'run',
1 verbose cli   'dev' ]
2 info using npm@3.8.9
3 info using node@v6.2.0
4 verbose run-script [ 'predev', 'dev', 'postdev' ]
5 info lifecycle heroku-nextjs@1.0.0~predev: heroku-nextjs@1.0.0
6 silly lifecycle heroku-nextjs@1.0.0~predev: no script for predev, continuing
7 info lifecycle heroku-nextjs@1.0.0~dev: heroku-nextjs@1.0.0
8 verbose lifecycle heroku-nextjs@1.0.0~dev: unsafe-perm in lifecycle true
9 verbose lifecycle heroku-nextjs@1.0.0~dev: PATH: /Users/mars.hall/.nvm/versions/node/v6.2.0/lib/node_modules/npm/bin/node-gyp-bin:/Users/mars.hall/Projects/heroku-nextjs/node_modules/.bin:/Users/mars.hall/.nvm/versions/node/v6.2.0/bin:/Users/mars.hall/.rvm/gems/ruby-1.9.3-p551/bin:/Users/mars.hall/.rvm/gems/ruby-1.9.3-p551@global/bin:/Users/mars.hall/.rvm/rubies/ruby-1.9.3-p551/bin:/Users/mars.hall/.rvm/bin:/usr/local/opt/gnu-tar/libexec/gnubin:/Users/mars.hall/.nvm/versions/node/v6.2.0/bin:/usr/local/bin:/usr/bin:/bin:/usr/sbin:/sbin:/usr/local/sbin:/Applications/Postgres.app/Contents/Versions/9.4/bin
10 verbose lifecycle heroku-nextjs@1.0.0~dev: CWD: /Users/mars.hall/Projects/heroku-nextjs
11 silly lifecycle heroku-nextjs@1.0.0~dev: Args: [ '-c', 'next' ]
12 silly lifecycle heroku-nextjs@1.0.0~dev: Returned: code: 1  signal: null
13 info lifecycle heroku-nextjs@1.0.0~dev: Failed to exec dev script
14 verbose stack Error: heroku-nextjs@1.0.0 dev: `next`
14 verbose stack Exit status 1
14 verbose stack     at EventEmitter.<anonymous> (/Users/mars.hall/.nvm/versions/node/v6.2.0/lib/node_modules/npm/lib/utils/lifecycle.js:245:16)
14 verbose stack     at emitTwo (events.js:106:13)
14 verbose stack     at EventEmitter.emit (events.js:191:7)
14 verbose stack     at ChildProcess.<anonymous> (/Users/mars.hall/.nvm/versions/node/v6.2.0/lib/node_modules/npm/lib/utils/spawn.js:24:14)
14 verbose stack     at emitTwo (events.js:106:13)
14 verbose stack     at ChildProcess.emit (events.js:191:7)
14 verbose stack     at maybeClose (internal/child_process.js:850:16)
14 verbose stack     at Process.ChildProcess._handle.onexit (internal/child_process.js:215:5)
15 verbose pkgid heroku-nextjs@1.0.0
16 verbose cwd /Users/mars.hall/Projects/heroku-nextjs
17 error Darwin 16.1.0
18 error argv "/Users/mars.hall/.nvm/versions/node/v6.2.0/bin/node" "/Users/mars.hall/.nvm/versions/node/v6.2.0/bin/npm" "run" "dev"
19 error node v6.2.0
20 error npm  v3.8.9
21 error code ELIFECYCLE
22 error heroku-nextjs@1.0.0 dev: `next`
22 error Exit status 1
23 error Failed at the heroku-nextjs@1.0.0 dev script 'next'.
23 error Make sure you have the latest version of node.js and npm installed.
23 error If you do, this is most likely a problem with the heroku-nextjs package,
23 error not with npm itself.
23 error Tell the author that this fails on your system:
23 error     next
23 error You can get information on how to open an issue for this project with:
23 error     npm bugs heroku-nextjs
23 error Or if that isn't available, you can get their info via:
23 error     npm owner ls heroku-nextjs
23 error There is likely additional logging output above.
24 verbose exit [ 1, true ]
